Looking in indexes: https://download.pytorch.org/whl/cpu
Collecting torch
  Downloading torch-2.12.1%2Bcpu-cp311-cp311-win_amd64.whl.metadata (32 kB)
Collecting torchvision
  Downloading torchvision-0.27.1%2Bcpu-cp311-cp311-win_amd64.whl.metadata (5.6 kB)
Collecting filelock (from torch)
  Using cached filelock-3.29.0-py3-none-any.whl.metadata (2.0 kB)
Collecting typing-extensions>=4.10.0 (from torch)
  Downloading typing_extensions-4.15.0-py3-none-any.whl.metadata (3.3 kB)
Collecting setuptools<82 (from torch)
  Downloading setuptools-70.2.0-py3-none-any.whl.metadata (5.8 kB)
Collecting sympy>=1.13.3 (from torch)
  Using cached sympy-1.14.0-py3-none-any.whl.metadata (12 kB)
Collecting networkx>=2.5.1 (from torch)
  Using cached networkx-3.6.1-py3-none-any.whl.metadata (6.8 kB)
Collecting jinja2 (from torch)
  Downloading jinja2-3.1.6-py3-none-any.whl.metadata (2.9 kB)
Collecting fsspec>=0.8.5 (from torch)
  Using cached fsspec-2026.4.0-py3-none-any.whl.metadata (10 kB)
Collecting numpy (from torchvision)
  Using cached numpy-2.4.4-cp311-cp311-win_amd64.whl.metadata (6.6 kB)
Collecting pillow!=8.3.*,>=5.3.0 (from torchvision)
  Using cached pillow-12.2.0-cp311-cp311-win_amd64.whl.metadata (9.0 kB)
Collecting mpmath<1.4,>=1.1.0 (from sympy>=1.13.3->torch)
  Using cached mpmath-1.3.0-py3-none-any.whl.metadata (8.6 kB)
Collecting MarkupSafe>=2.0 (from jinja2->torch)
  Downloading markupsafe-3.0.3-cp311-cp311-win_amd64.whl.metadata (2.8 kB)
Downloading torch-2.12.1%2Bcpu-cp311-cp311-win_amd64.whl (122.9 MB)
   ---------------------------------------- 122.9/122.9 MB 4.1 MB/s  0:00:32
Downloading setuptools-70.2.0-py3-none-any.whl (930 kB)
   ---------------------------------------- 930.8/930.8 kB 1.5 MB/s  0:00:01
Downloading torchvision-0.27.1%2Bcpu-cp311-cp311-win_amd64.whl (3.8 MB)
   ---------------------------------------- 3.8/3.8 MB 3.8 MB/s  0:00:01
Using cached fsspec-2026.4.0-py3-none-any.whl (203 kB)
Using cached networkx-3.6.1-py3-none-any.whl (2.1 MB)
Using cached pillow-12.2.0-cp311-cp311-win_amd64.whl (7.1 MB)
Using cached sympy-1.14.0-py3-none-any.whl (6.3 MB)
Using cached mpmath-1.3.0-py3-none-any.whl (536 kB)
Downloading typing_extensions-4.15.0-py3-none-any.whl (44 kB)
Using cached filelock-3.29.0-py3-none-any.whl (39 kB)
Downloading jinja2-3.1.6-py3-none-any.whl (134 kB)
Downloading markupsafe-3.0.3-cp311-cp311-win_amd64.whl (15 kB)
Using cached numpy-2.4.4-cp311-cp311-win_amd64.whl (12.6 MB)
Installing collected packages: mpmath, typing-extensions, sympy, setuptools, pillow, numpy, networkx, MarkupSafe, fsspec, filelock, jinja2, torch, torchvision
  Attempting uninstall: setuptools
    Found existing installation: setuptools 82.0.1
    Uninstalling setuptools-82.0.1:
      Successfully uninstalled setuptools-82.0.1

Successfully installed MarkupSafe-3.0.3 filelock-3.29.0 fsspec-2026.4.0 jinja2-3.1.6 mpmath-1.3.0 networkx-3.6.1 numpy-2.4.4 pillow-12.2.0 setuptools-70.2.0 sympy-1.14.0 torch-2.12.1+cpu torchvision-0.27.1+cpu typing-extensions-4.15.0
